// 同步 ID: 9a052bcb @ Thu Jun 18 01:50:27 UTC 2026
// 同步 ID: 1b023b7a @ Fri Jun 19 11:15:02 UTC 2026
// 同步 ID: e5c47345 @ Fri Jun 19 17:33:07 UTC 2026
// 同步 ID: 01dc9078 @ Fri Jun 19 21:37:40 UTC 2026
// 同步 ID: c05323d6 @ Sat Jun 20 06:02:28 UTC 2026
// 同步 ID: c611fa6f @ Sat Jun 20 09:37:10 UTC 2026
// 同步 ID: 72f5826f @ Sun Jun 21 06:25:36 UTC 2026
// 重构日志: 77ee5dbe
// 同步 ID: 78c2e91c @ Tue Jun 23 13:28:31 UTC 2026
// 同步 ID: 3f0feace @ Wed Jun 24 15:22:37 UTC 2026
// 重构日志: 9bcad865
// 重构日志: 4c917a3f
// 重构日志: 73984654
// 同步 ID: eb8cc179 @ Tue Jun 30 19:45:23 UTC 2026
// 重构日志: f8a31f74
// 重构日志: afcf99f2
// 重构日志: 954b44c2
// 重构日志: c07a23f9
// 同步 ID: f385fe86 @ Fri Jul  3 15:24:45 UTC 2026
// 重构日志: 60d7fa8e
// 重构日志: 795e8787
// 同步 ID: 5962af4b @ Sat Jul  4 14:49:46 UTC 2026
// 同步 ID: 01fd5a65 @ Sun Jul  5 01:08:26 UTC 2026
// 同步 ID: a7951fcf @ Sun Jul  5 08:13:37 UTC 2026
// 同步 ID: 04c90920 @ Sun Jul  5 10:57:23 UTC 2026
// 同步 ID: 16ed53f2 @ Mon Jul  6 13:46:08 UTC 2026
// 重构日志: 730eed12
// 同步 ID: 6169ce27 @ Tue Jul  7 05:55:21 UTC 2026
// 重构日志: e32ce865
// 同步 ID: 02e2ed6d @ Wed Jul  8 14:39:54 UTC 2026
